Arguments: 
  /usr/local/bin/node /usr/local/bin/yarn remove querystring

PATH: 
  /Users/carleinarsson/documents/tools/flutter/bin:/Library/Frameworks/Python.framework/Versions/3.6/bin:/usr/local/bin:/usr/bin:/bin:/usr/sbin:/sbin:/usr/local/share/dotnet:/opt/X11/bin:~/.dotnet/tools:/Library/Frameworks/Mono.framework/Versions/Current/Commands:/Users/carleinarsson/documents/tools/flutter/bin:/Library/Frameworks/Python.framework/Versions/3.6/bin

Yarn version: 
  1.5.1

Node version: 
  11.0.0

Platform: 
  darwin x64

npm manifest: 
  {
    "name": "ce222qw-examination",
    "version": "1.0.0",
    "description": "",
    "main": "index.js",
    "scripts": {
      "client-install": "npm install --prefix client",
      "start": "node index.js",
      "server": "nodemon index.js",
      "client": "npm start --prefix client",
      "dev": "concurrently \"npm run server\" \"npm run client\""
    },
    "repository": {
      "type": "git"
    },
    "author": "Carl Ejnarsson",
    "license": "ISC",
    "homepage": "https://github.com/fastify/fastify-oauth2#readme",
    "dependencies": {
      "concurrently": "^4.1.0",
      "dotenv": "^6.2.0",
      "install": "^0.12.2",
      "mongoose": "^5.4.10",
      "npm": "^6.7.0",
      "querystring": "^0.2.0",
      "request": "^2.88.0",
      "restify": "^7.7.0",
      "restify-jwt-community": "^1.0.9",
      "restify-redirect": "^1.0.0",
      "superagent": "^4.1.0"
    },
    "devDependencies": {
      "nodemon": "^1.18.9"
    }
  }

yarn manifest: 
  No manifest

Lockfile: 
  No lockfile

Trace: 
  Error: No lockfile in this directory. Run `yarn install` to generate one.
      at new MessageError (/usr/local/lib/node_modules/yarn/lib/cli.js:186:110)
      at /usr/local/lib/node_modules/yarn/lib/cli.js:89389:13
